
Showing logs for build [32mcb-kubecd-jrdev4-pr-1-pr-build-4wszm-2[0m stage [32mfrom-build-pack[0m and container [32mstep-credential-initializer-428nh[0m
{"level":"warn","ts":1585841789.8863537,"logger":"fallback-logger","caller":"logging/config.go:69","msg":"Fetch GitHub commit ID from kodata failed: \"ref: refs/heads/0.8.0-**-support-backwards-incompats\" is not a valid GitHub commit ID"}
{"level":"info","ts":1585841789.8869328,"logger":"fallback-logger","caller":"creds-init/main.go:40","msg":"Credentials initialized."}

Showing logs for build [32mcb-kubecd-jrdev4-pr-1-pr-build-4wszm-2[0m stage [32mfrom-build-pack[0m and container [32mstep-working-dir-initializer-njz46[0m
{"level":"warn","ts":1585841790.4428272,"logger":"fallback-logger","caller":"logging/config.go:69","msg":"Fetch GitHub commit ID from kodata failed: open /var/run/ko/HEAD: no such file or directory"}
{"level":"info","ts":1585841790.4442213,"logger":"fallback-logger","caller":"bash/main.go:64","msg":"Successfully executed command \"sh -c mkdir -p /workspace/source\"; output "}

Showing logs for build [32mcb-kubecd-jrdev4-pr-1-pr-build-4wszm-2[0m stage [32mfrom-build-pack[0m and container [32mstep-place-tools[0m

Showing logs for build [32mcb-kubecd-jrdev4-pr-1-pr-build-4wszm-2[0m stage [32mfrom-build-pack[0m and container [32mstep-git-source-cb-kubecd-jrdev4-pr-1-pr-build-4wszm-gg8lw[0m
{"level":"warn","ts":1585841796.465683,"logger":"fallback-logger","caller":"logging/config.go:69","msg":"Fetch GitHub commit ID from kodata failed: \"ref: refs/heads/0.8.0-**-support-backwards-incompats\" is not a valid GitHub commit ID"}
{"level":"info","ts":1585841797.5012147,"logger":"fallback-logger","caller":"git/git.go:103","msg":"Successfully cloned https://github.com/cb-kubecd/jrdev4.git @ master in path /workspace/source"}

Showing logs for build [32mcb-kubecd-jrdev4-pr-1-pr-build-4wszm-2[0m stage [32mfrom-build-pack[0m and container [32mstep-git-merge[0m
Using SHAs from PULL_REFS=master:cc26e32f232c7f826d8aeb28bd3b8886c967bff8,1:8a8a6283db5cb434e5d8fd4e7357690e2384046c
DEBUG: LC_ALL=C JX_LOG_LEVEL=error git fetch origin --unshallow 8a8a6283db5cb434e5d8fd4e7357690e2384046c: cc26e32f232c7f826d8aeb28bd3b8886c967bff8:
DEBUG: ran git fetch --unshallow origin 8a8a6283db5cb434e5d8fd4e7357690e2384046c: cc26e32f232c7f826d8aeb28bd3b8886c967bff8: in 
DEBUG: LC_ALL=C JX_LOG_LEVEL=error git branch
DEBUG: LC_ALL=C JX_LOG_LEVEL=error git checkout master
DEBUG: ran git checkout master in 
DEBUG: LC_ALL=C JX_LOG_LEVEL=error git reset --hard cc26e32f232c7f826d8aeb28bd3b8886c967bff8
DEBUG: ran git reset --hard cc26e32f232c7f826d8aeb28bd3b8886c967bff8 in 
DEBUG: LC_ALL=C JX_LOG_LEVEL=error git clean -fd .
DEBUG: ran clean --force -d . in 
DEBUG: LC_ALL=C JX_LOG_LEVEL=error git merge 8a8a6283db5cb434e5d8fd4e7357690e2384046c
DEBUG: ran git merge 8a8a6283db5cb434e5d8fd4e7357690e2384046c in 
DEBUG: LC_ALL=C JX_LOG_LEVEL=error git log --format=%H%x1f%an%x1f%ae%x1f%cn%x1f%ce%x1f%s%n%b%x1e cc26e32f232c7f826d8aeb28bd3b8886c967bff8..HEAD
Merged SHA 8a8a6283db5cb434e5d8fd4e7357690e2384046c with commit message 'update 2' into base branch master
Merged SHA 6604231cee2ff940d1bb6f841621d4701e7f6748 with commit message 'update' into base branch master

Showing logs for build [32mcb-kubecd-jrdev4-pr-1-pr-build-4wszm-2[0m stage [32mfrom-build-pack[0m and container [32mstep-prebuild-step2[0m
hello world

Showing logs for build [32mcb-kubecd-jrdev4-pr-1-pr-build-4wszm-2[0m stage [32mfrom-build-pack[0m and container [32mstep-build-make-linux[0m
CGO_ENABLED=0 GOOS=linux GOARCH=amd64 GO15VENDOREXPERIMENT=1 go build -ldflags '' -o bin/jrdev4 main.go

Showing logs for build [32mcb-kubecd-jrdev4-pr-1-pr-build-4wszm-2[0m stage [32mfrom-build-pack[0m and container [32mstep-build-container-build[0m
ERROR: logging before flag.Parse: E0402 15:36:44.858270      11 metadata.go:241] Failed to unmarshal scopes: invalid character 'h' looking for beginning of value
[36mINFO[0m[0000] No base image, nothing to extract            
[36mINFO[0m[0000] cmd: EXPOSE                                  
[36mINFO[0m[0000] Adding exposed port: 8080/tcp                
[36mINFO[0m[0000] Using files from context: [/workspace/source/bin] 
[36mINFO[0m[0000] Skipping unpacking as no commands require it. 
[36mINFO[0m[0000] Taking snapshot of full filesystem...        
[36mINFO[0m[0000] EXPOSE 8080                                  
[36mINFO[0m[0000] cmd: EXPOSE                                  
[36mINFO[0m[0000] Adding exposed port: 8080/tcp                
[36mINFO[0m[0000] No files changed in this command, skipping snapshotting. 
[36mINFO[0m[0000] ENTRYPOINT ["/jrdev4"]                       
[36mINFO[0m[0000] No files changed in this command, skipping snapshotting. 
[36mINFO[0m[0000] Using files from context: [/workspace/source/bin] 
[36mINFO[0m[0000] COPY ./bin/ /                                
[36mINFO[0m[0000] Taking snapshot of files...                  
2020/04/02 15:36:48 pushed blob: sha256:afec0b5c939bd7bdffe67acd1de84253097a12073c4ccb806aea8453e6f4d887
2020/04/02 15:36:49 pushed blob: sha256:ca5058241d7e2f94c5addf03fed3c408d04d065dbd04f3022467543b30e280cf
2020/04/02 15:36:51 gcr.io/**-development/jrdev4:0.0.0-SNAPSHOT-PR-1-2: digest: sha256:5241d441b7a8e9b97e324cb1e04978e1e2fb5dbf9e44338e970abfd763b7408b size: 428

Showing logs for build [32mcb-kubecd-jrdev4-pr-1-pr-build-4wszm-2[0m stage [32mfrom-build-pack[0m and container [32mstep-postbuild-post-build[0m
no CVE provider running in the current ** namespace so skip adding image to be analysed

Showing logs for build [32mcb-kubecd-jrdev4-pr-1-pr-build-4wszm-2[0m stage [32mfrom-build-pack[0m and container [32mstep-promote-make-preview[0m
sed -i -e "s/version:.*/version: 0.0.0-SNAPSHOT-PR-1-2/" Chart.yaml
sed -i -e "s/version:.*/version: 0.0.0-SNAPSHOT-PR-1-2/" ../*/Chart.yaml
sed -i -e "s|repository:.*|repository: gcr.io\/**-development\/jrdev4|" values.yaml
sed -i -e "s/tag:.*/tag: 0.0.0-SNAPSHOT-PR-1-2/" values.yaml
echo "  version: 0.0.0-SNAPSHOT-PR-1-2" >> requirements.yaml
** step helm build
WARNING: No $CHART_REPOSITORY defined so using the default value of: http://jenkins-x-chartmuseum:8080
Adding missing Helm repo: storage.googleapis.com https://storage.googleapis.com/chartmuseum.jenkins-x.io
Successfully added Helm repository storage.googleapis.com.
Adding missing Helm repo: jenkins-x-chartmuseum http://jenkins-x-chartmuseum:8080
Successfully added Helm repository jenkins-x-chartmuseum.
WARNING: No $CHART_REPOSITORY defined so using the default value of: http://jenkins-x-chartmuseum:8080

Showing logs for build [32mcb-kubecd-jrdev4-pr-1-pr-build-4wszm-2[0m stage [32mfrom-build-pack[0m and container [32mstep-promote-jx-preview[0m
Creating a preview
Found commit author match for: rawlingsj with email address: rawlingsj80@gmail.com
Created environment cb-kubecd-jrdev4-pr-1
Namespace **-cb-kubecd-jrdev4-pr-1 created 
expose:
  Annotations:
    helm.sh/hook: post-install,post-upgrade
    helm.sh/hook-delete-policy: hook-succeeded
  config:
    domain: rawlingsdemo.co.uk
    exposer: Ingress
    http: "true"
preview:
  image:
    repository: gcr.io/**-development/jrdev4
    tag: 0.0.0-SNAPSHOT-PR-1-2
adding helm values file /workspace/source/charts/preview/**Requirements.values.yaml for namespace **-cb-kubecd-jrdev4-pr-1
Updating PipelineActivities cb-kubecd-jrdev4-pr-1-2 which has status Running
WARNING: preview application http://jrdev4-**-cb-kubecd-jrdev4-pr-1.rawlingsdemo.co.uk not available, error was Get http://jrdev4-**-cb-kubecd-jrdev4-pr-1.rawlingsdemo.co.uk: dial tcp: lookup jrdev4-**-cb-kubecd-jrdev4-pr-1.rawlingsdemo.co.uk on 10.27.240.10:53: no such host, delaying for: 1.094808598s
WARNING: preview application http://jrdev4-**-cb-kubecd-jrdev4-pr-1.rawlingsdemo.co.uk not available, error was Get http://jrdev4-**-cb-kubecd-jrdev4-pr-1.rawlingsdemo.co.uk: dial tcp: lookup jrdev4-**-cb-kubecd-jrdev4-pr-1.rawlingsdemo.co.uk on 10.27.240.10:53: no such host, delaying for: 1.292708221s
WARNING: preview application http://jrdev4-**-cb-kubecd-jrdev4-pr-1.rawlingsdemo.co.uk not available, error was Get http://jrdev4-**-cb-kubecd-jrdev4-pr-1.rawlingsdemo.co.uk: dial tcp: lookup jrdev4-**-cb-kubecd-jrdev4-pr-1.rawlingsdemo.co.uk on 10.27.240.10:53: no such host, delaying for: 2.927373846s
WARNING: preview application http://jrdev4-**-cb-kubecd-jrdev4-pr-1.rawlingsdemo.co.uk not available, error was Get http://jrdev4-**-cb-kubecd-jrdev4-pr-1.rawlingsdemo.co.uk: dial tcp: lookup jrdev4-**-cb-kubecd-jrdev4-pr-1.rawlingsdemo.co.uk on 10.27.240.10:53: no such host, delaying for: 4.019081057s
WARNING: preview application http://jrdev4-**-cb-kubecd-jrdev4-pr-1.rawlingsdemo.co.uk not available, error was Get http://jrdev4-**-cb-kubecd-jrdev4-pr-1.rawlingsdemo.co.uk: dial tcp: lookup jrdev4-**-cb-kubecd-jrdev4-pr-1.rawlingsdemo.co.uk on 10.27.240.10:53: no such host, delaying for: 2.964197569s
WARNING: preview application http://jrdev4-**-cb-kubecd-jrdev4-pr-1.rawlingsdemo.co.uk not available, error was Get http://jrdev4-**-cb-kubecd-jrdev4-pr-1.rawlingsdemo.co.uk: dial tcp: lookup jrdev4-**-cb-kubecd-jrdev4-pr-1.rawlingsdemo.co.uk on 10.27.240.10:53: no such host, delaying for: 8.543690371s
WARNING: preview application http://jrdev4-**-cb-kubecd-jrdev4-pr-1.rawlingsdemo.co.uk not available, error was Get http://jrdev4-**-cb-kubecd-jrdev4-pr-1.rawlingsdemo.co.uk: dial tcp: lookup jrdev4-**-cb-kubecd-jrdev4-pr-1.rawlingsdemo.co.uk on 10.27.240.10:53: no such host, delaying for: 5.727696515s
WARNING: preview application http://jrdev4-**-cb-kubecd-jrdev4-pr-1.rawlingsdemo.co.uk not available, error was Get http://jrdev4-**-cb-kubecd-jrdev4-pr-1.rawlingsdemo.co.uk: dial tcp: lookup jrdev4-**-cb-kubecd-jrdev4-pr-1.rawlingsdemo.co.uk on 10.27.240.10:53: no such host, delaying for: 11.510041659s
WARNING: preview application http://jrdev4-**-cb-kubecd-jrdev4-pr-1.rawlingsdemo.co.uk not available, error was Get http://jrdev4-**-cb-kubecd-jrdev4-pr-1.rawlingsdemo.co.uk: dial tcp: lookup jrdev4-**-cb-kubecd-jrdev4-pr-1.rawlingsdemo.co.uk on 10.27.240.10:53: no such host, delaying for: 18.756003535s
WARNING: preview application http://jrdev4-**-cb-kubecd-jrdev4-pr-1.rawlingsdemo.co.uk not available, error was Get http://jrdev4-**-cb-kubecd-jrdev4-pr-1.rawlingsdemo.co.uk: dial tcp: lookup jrdev4-**-cb-kubecd-jrdev4-pr-1.rawlingsdemo.co.uk on 10.27.240.10:53: no such host, delaying for: 56.048646251s
Preview application is now available at: http://jrdev4-**-cb-kubecd-jrdev4-pr-1.rawlingsdemo.co.uk
