
Showing logs for build [32mcb-kubecd-jrdev4-master-lvpkl-2[0m stage [32mfrom-build-pack[0m and container [32mstep-credential-initializer-qzjnc[0m
{"level":"warn","ts":1585596320.6665936,"logger":"fallback-logger","caller":"logging/config.go:69","msg":"Fetch GitHub commit ID from kodata failed: \"ref: refs/heads/0.8.0-**-support-backwards-incompats\" is not a valid GitHub commit ID"}
{"level":"info","ts":1585596320.667132,"logger":"fallback-logger","caller":"creds-init/main.go:40","msg":"Credentials initialized."}

Showing logs for build [32mcb-kubecd-jrdev4-master-lvpkl-2[0m stage [32mfrom-build-pack[0m and container [32mstep-working-dir-initializer-4lxf6[0m
{"level":"warn","ts":1585596322.002311,"logger":"fallback-logger","caller":"logging/config.go:69","msg":"Fetch GitHub commit ID from kodata failed: open /var/run/ko/HEAD: no such file or directory"}
{"level":"info","ts":1585596322.00445,"logger":"fallback-logger","caller":"bash/main.go:64","msg":"Successfully executed command \"sh -c mkdir -p /workspace/source\"; output "}

Showing logs for build [32mcb-kubecd-jrdev4-master-lvpkl-2[0m stage [32mfrom-build-pack[0m and container [32mstep-place-tools[0m

Showing logs for build [32mcb-kubecd-jrdev4-master-lvpkl-2[0m stage [32mfrom-build-pack[0m and container [32mstep-git-source-cb-kubecd-jrdev4-master-lvpkl-wl2hk[0m
{"level":"warn","ts":1585596401.1435091,"logger":"fallback-logger","caller":"logging/config.go:69","msg":"Fetch GitHub commit ID from kodata failed: \"ref: refs/heads/0.8.0-**-support-backwards-incompats\" is not a valid GitHub commit ID"}
{"level":"info","ts":1585596402.3255486,"logger":"fallback-logger","caller":"git/git.go:103","msg":"Successfully cloned https://github.com/cb-kubecd/jrdev4.git @ v0.0.1 in path /workspace/source"}

Showing logs for build [32mcb-kubecd-jrdev4-master-lvpkl-2[0m stage [32mfrom-build-pack[0m and container [32mstep-git-merge[0m
Using SHAs from PULL_REFS=master:
WARNING: no SHAs to merge, falling back to initial cloned commit

Showing logs for build [32mcb-kubecd-jrdev4-master-lvpkl-2[0m stage [32mfrom-build-pack[0m and container [32mstep-setup-jx-git-credentials[0m
failed to get helm version: failed to run 'helm version --short' command in directory '', output: 'Client: v2.14.3+g0e7f3b6
Error: could not find tiller'
old helm binary on the PATH so replacing with helm 3
Generated Git credentials file /workspace/xdg_config/git/credentials

Showing logs for build [32mcb-kubecd-jrdev4-master-lvpkl-2[0m stage [32mfrom-build-pack[0m and container [32mstep-build-make-build[0m
CGO_ENABLED=0 GO15VENDOREXPERIMENT=1 go build -ldflags '' -o bin/jrdev4 main.go

Showing logs for build [32mcb-kubecd-jrdev4-master-lvpkl-2[0m stage [32mfrom-build-pack[0m and container [32mstep-build-container-build[0m
ERROR: logging before flag.Parse: E0330 19:26:55.443718      12 metadata.go:241] Failed to unmarshal scopes: invalid character 'h' looking for beginning of value
[36mINFO[0m[0000] No base image, nothing to extract            
[36mINFO[0m[0000] cmd: EXPOSE                                  
[36mINFO[0m[0000] Adding exposed port: 8080/tcp                
[36mINFO[0m[0000] Using files from context: [/workspace/source/bin] 
[36mINFO[0m[0000] Skipping unpacking as no commands require it. 
[36mINFO[0m[0000] Taking snapshot of full filesystem...        
[36mINFO[0m[0000] EXPOSE 8080                                  
[36mINFO[0m[0000] cmd: EXPOSE                                  
[36mINFO[0m[0000] Adding exposed port: 8080/tcp                
[36mINFO[0m[0000] No files changed in this command, skipping snapshotting. 
[36mINFO[0m[0000] ENTRYPOINT ["/jrdev4"]                       
[36mINFO[0m[0000] No files changed in this command, skipping snapshotting. 
[36mINFO[0m[0000] Using files from context: [/workspace/source/bin] 
[36mINFO[0m[0000] COPY ./bin/ /                                
[36mINFO[0m[0001] Taking snapshot of files...                  
2020/03/30 19:26:59 pushed blob: sha256:142e5a39686f3d5e6f5045ca3c522e981dd2d8601bd56db43725b32bc0db23e4
2020/03/30 19:27:00 pushed blob: sha256:6b55c578ae5c04ca910180fa2a80351a4d4bc34b5f593a489cb93970584eedaa
2020/03/30 19:27:02 gcr.io/**-development/jrdev4:0.0.1: digest: sha256:e55df5fad103043cb1a469ec83be4933e9620456961f8142e8fae7fb54da28fd size: 428

Showing logs for build [32mcb-kubecd-jrdev4-master-lvpkl-2[0m stage [32mfrom-build-pack[0m and container [32mstep-build-post-build[0m
no CVE provider running in the current ** namespace so skip adding image to be analysed

Showing logs for build [32mcb-kubecd-jrdev4-master-lvpkl-2[0m stage [32mfrom-build-pack[0m and container [32mstep-promote-changelog[0m
Converted /workspace/source/charts/jrdev4 to an unshallow repository
Generating change log from git ref a17bff011f9c0a7fe4f502e113a18f11a73c1eb4 => b72145f8f4a6d7df4332fe4a1ae4e74ec30264e3
Associating user x-0 in users.jenkins.io with email rawlingsj80@gmail.com to git GitProvider user with login -0 as emails match
Adding label jenkins.io/git-github-userid=-0 to user x-0 in users.jenkins.io
WARNING: Failed to enrich commit cc26e32f232c7f826d8aeb28bd3b8886c967bff8 with issues: User.jenkins.io "x-0" is invalid: metadata.labels: Invalid value: "-0": a valid label must be an empty string or consist of alphanumeric characters, '-', '_' or '.', and must start and end with an alphanumeric character (e.g. 'MyValue',  or 'my_value',  or '12345', regex used for validation is '(([A-Za-z0-9][-A-Za-z0-9_.]*)?[A-Za-z0-9])?')
Finding issues in commit messages using git format
WARNING: No release found for cb-kubecd/jrdev4 and tag v0.0.1 so creating a new release
Updated the release information at https://github.com/cb-kubecd/jrdev4/releases/tag/v0.0.1
generated: /workspace/source/charts/jrdev4/templates/release.yaml
Created Release jrdev4-0-0-1 resource in namespace **
Updating PipelineActivity cb-kubecd-jrdev4-master-2 with version 0.0.1
Updated PipelineActivities cb-kubecd-jrdev4-master-2 with release notes URL: https://github.com/cb-kubecd/jrdev4/releases/tag/v0.0.1

Showing logs for build [32mcb-kubecd-jrdev4-master-lvpkl-2[0m stage [32mfrom-build-pack[0m and container [32mstep-promote-helm-release[0m
WARNING: No $CHART_REPOSITORY defined so using the default value of: http://jenkins-x-chartmuseum:8080
Adding missing Helm repo: storage.googleapis.com https://storage.googleapis.com/chartmuseum.jenkins-x.io
Successfully added Helm repository storage.googleapis.com.
Adding missing Helm repo: jenkins-x-chartmuseum http://jenkins-x-chartmuseum:8080
Successfully added Helm repository jenkins-x-chartmuseum.
WARNING: No $CHART_REPOSITORY defined so using the default value of: http://jenkins-x-chartmuseum:8080
Uploading chart file jrdev4-0.0.1.tgz to http://jenkins-x-chartmuseum:8080/api/charts
Received 201 response: {"saved":true}

Showing logs for build [32mcb-kubecd-jrdev4-master-lvpkl-2[0m stage [32mfrom-build-pack[0m and container [32mstep-promote-jx-promote[0m
WARNING: prow based install so skip waiting for the merge of Pull Requests to go green as currently there is an issue with gettingstatuses from the PR, see https://github.com/jenkins-x/**/issues/2410
WARNING: No $CHART_REPOSITORY defined so using the default value of: http://jenkins-x-chartmuseum:8080
Promoting app jrdev4 version 0.0.1 to namespace **-staging
WARNING: 
WARNING: Waiting for the fork of ******************/environment-jrdev4-staging to appear...
Forked Git repository to https://github.com/******************/environment-jrdev4-staging
Created Pull Request: https://github.com/cb-kubecd/environment-jrdev4-staging/pull/1
Added label updatebot to Pull Request https://github.com/cb-kubecd/environment-jrdev4-staging/pull/1
WARNING: Failed to query the Pull Request last commit status for https://github.com/cb-kubecd/environment-jrdev4-staging/pull/1 ref 9408b60027cd73f7ff74967a80686e4035606ca6 Could not find a status for repository cb-kubecd/environment-jrdev4-staging with ref 9408b60027cd73f7ff74967a80686e4035606ca6
WARNING: Failed to query the Pull Request last commit status for https://github.com/cb-kubecd/environment-jrdev4-staging/pull/1 ref 9408b60027cd73f7ff74967a80686e4035606ca6 Could not find a status for repository cb-kubecd/environment-jrdev4-staging with ref 9408b60027cd73f7ff74967a80686e4035606ca6
WARNING: Failed to query the Pull Request last commit status for https://github.com/cb-kubecd/environment-jrdev4-staging/pull/1 ref 9408b60027cd73f7ff74967a80686e4035606ca6 Could not find a status for repository cb-kubecd/environment-jrdev4-staging with ref 9408b60027cd73f7ff74967a80686e4035606ca6
WARNING: Failed to query the Pull Request last commit status for https://github.com/cb-kubecd/environment-jrdev4-staging/pull/1 ref 9408b60027cd73f7ff74967a80686e4035606ca6 Could not find a status for repository cb-kubecd/environment-jrdev4-staging with ref 9408b60027cd73f7ff74967a80686e4035606ca6
WARNING: Failed to query the Pull Request last commit status for https://github.com/cb-kubecd/environment-jrdev4-staging/pull/1 ref 9408b60027cd73f7ff74967a80686e4035606ca6 Could not find a status for repository cb-kubecd/environment-jrdev4-staging with ref 9408b60027cd73f7ff74967a80686e4035606ca6
WARNING: Failed to query the Pull Request last commit status for https://github.com/cb-kubecd/environment-jrdev4-staging/pull/1 ref 9408b60027cd73f7ff74967a80686e4035606ca6 Could not find a status for repository cb-kubecd/environment-jrdev4-staging with ref 9408b60027cd73f7ff74967a80686e4035606ca6
WARNING: Failed to query the Pull Request last commit status for https://github.com/cb-kubecd/environment-jrdev4-staging/pull/1 ref 9408b60027cd73f7ff74967a80686e4035606ca6 Could not find a status for repository cb-kubecd/environment-jrdev4-staging with ref 9408b60027cd73f7ff74967a80686e4035606ca6
WARNING: Failed to query the Pull Request last commit status for https://github.com/cb-kubecd/environment-jrdev4-staging/pull/1 ref 9408b60027cd73f7ff74967a80686e4035606ca6 Could not find a status for repository cb-kubecd/environment-jrdev4-staging with ref 9408b60027cd73f7ff74967a80686e4035606ca6
WARNING: Failed to query the Pull Request last commit status for https://github.com/cb-kubecd/environment-jrdev4-staging/pull/1 ref 9408b60027cd73f7ff74967a80686e4035606ca6 Could not find a status for repository cb-kubecd/environment-jrdev4-staging with ref 9408b60027cd73f7ff74967a80686e4035606ca6
WARNING: Failed to query the Pull Request last commit status for https://github.com/cb-kubecd/environment-jrdev4-staging/pull/1 ref 9408b60027cd73f7ff74967a80686e4035606ca6 Could not find a status for repository cb-kubecd/environment-jrdev4-staging with ref 9408b60027cd73f7ff74967a80686e4035606ca6
WARNING: Failed to query the Pull Request last commit status for https://github.com/cb-kubecd/environment-jrdev4-staging/pull/1 ref 9408b60027cd73f7ff74967a80686e4035606ca6 Could not find a status for repository cb-kubecd/environment-jrdev4-staging with ref 9408b60027cd73f7ff74967a80686e4035606ca6
WARNING: Failed to query the Pull Request last commit status for https://github.com/cb-kubecd/environment-jrdev4-staging/pull/1 ref 9408b60027cd73f7ff74967a80686e4035606ca6 Could not find a status for repository cb-kubecd/environment-jrdev4-staging with ref 9408b60027cd73f7ff74967a80686e4035606ca6
WARNING: Failed to query the Pull Request last commit status for https://github.com/cb-kubecd/environment-jrdev4-staging/pull/1 ref 9408b60027cd73f7ff74967a80686e4035606ca6 Could not find a status for repository cb-kubecd/environment-jrdev4-staging with ref 9408b60027cd73f7ff74967a80686e4035606ca6
WARNING: Failed to query the Pull Request last commit status for https://github.com/cb-kubecd/environment-jrdev4-staging/pull/1 ref 9408b60027cd73f7ff74967a80686e4035606ca6 Could not find a status for repository cb-kubecd/environment-jrdev4-staging with ref 9408b60027cd73f7ff74967a80686e4035606ca6
WARNING: Failed to query the Pull Request last commit status for https://github.com/cb-kubecd/environment-jrdev4-staging/pull/1 ref 9408b60027cd73f7ff74967a80686e4035606ca6 Could not find a status for repository cb-kubecd/environment-jrdev4-staging with ref 9408b60027cd73f7ff74967a80686e4035606ca6
WARNING: Failed to query the Pull Request last commit status for https://github.com/cb-kubecd/environment-jrdev4-staging/pull/1 ref 9408b60027cd73f7ff74967a80686e4035606ca6 Could not find a status for repository cb-kubecd/environment-jrdev4-staging with ref 9408b60027cd73f7ff74967a80686e4035606ca6
WARNING: Failed to query the Pull Request last commit status for https://github.com/cb-kubecd/environment-jrdev4-staging/pull/1 ref 9408b60027cd73f7ff74967a80686e4035606ca6 Could not find a status for repository cb-kubecd/environment-jrdev4-staging with ref 9408b60027cd73f7ff74967a80686e4035606ca6
WARNING: Failed to query the Pull Request last commit status for https://github.com/cb-kubecd/environment-jrdev4-staging/pull/1 ref 9408b60027cd73f7ff74967a80686e4035606ca6 Could not find a status for repository cb-kubecd/environment-jrdev4-staging with ref 9408b60027cd73f7ff74967a80686e4035606ca6
WARNING: Failed to query the Pull Request last commit status for https://github.com/cb-kubecd/environment-jrdev4-staging/pull/1 ref 9408b60027cd73f7ff74967a80686e4035606ca6 Could not find a status for repository cb-kubecd/environment-jrdev4-staging with ref 9408b60027cd73f7ff74967a80686e4035606ca6
WARNING: Failed to query the Pull Request last commit status for https://github.com/cb-kubecd/environment-jrdev4-staging/pull/1 ref 9408b60027cd73f7ff74967a80686e4035606ca6 Could not find a status for repository cb-kubecd/environment-jrdev4-staging with ref 9408b60027cd73f7ff74967a80686e4035606ca6
WARNING: Failed to query the Pull Request last commit status for https://github.com/cb-kubecd/environment-jrdev4-staging/pull/1 ref 9408b60027cd73f7ff74967a80686e4035606ca6 Could not find a status for repository cb-kubecd/environment-jrdev4-staging with ref 9408b60027cd73f7ff74967a80686e4035606ca6
WARNING: Failed to query the Pull Request last commit status for https://github.com/cb-kubecd/environment-jrdev4-staging/pull/1 ref 9408b60027cd73f7ff74967a80686e4035606ca6 Could not find a status for repository cb-kubecd/environment-jrdev4-staging with ref 9408b60027cd73f7ff74967a80686e4035606ca6
WARNING: Failed to query the Pull Request last commit status for https://github.com/cb-kubecd/environment-jrdev4-staging/pull/1 ref 9408b60027cd73f7ff74967a80686e4035606ca6 Could not find a status for repository cb-kubecd/environment-jrdev4-staging with ref 9408b60027cd73f7ff74967a80686e4035606ca6
WARNING: Failed to query the Pull Request last commit status for https://github.com/cb-kubecd/environment-jrdev4-staging/pull/1 ref 9408b60027cd73f7ff74967a80686e4035606ca6 Could not find a status for repository cb-kubecd/environment-jrdev4-staging with ref 9408b60027cd73f7ff74967a80686e4035606ca6
WARNING: Failed to query the Pull Request last commit status for https://github.com/cb-kubecd/environment-jrdev4-staging/pull/1 ref 9408b60027cd73f7ff74967a80686e4035606ca6 Could not find a status for repository cb-kubecd/environment-jrdev4-staging with ref 9408b60027cd73f7ff74967a80686e4035606ca6
WARNING: Failed to query the Pull Request last commit status for https://github.com/cb-kubecd/environment-jrdev4-staging/pull/1 ref 9408b60027cd73f7ff74967a80686e4035606ca6 Could not find a status for repository cb-kubecd/environment-jrdev4-staging with ref 9408b60027cd73f7ff74967a80686e4035606ca6
WARNING: Failed to query the Pull Request last commit status for https://github.com/cb-kubecd/environment-jrdev4-staging/pull/1 ref 9408b60027cd73f7ff74967a80686e4035606ca6 Could not find a status for repository cb-kubecd/environment-jrdev4-staging with ref 9408b60027cd73f7ff74967a80686e4035606ca6
WARNING: Failed to query the Pull Request last commit status for https://github.com/cb-kubecd/environment-jrdev4-staging/pull/1 ref 9408b60027cd73f7ff74967a80686e4035606ca6 Could not find a status for repository cb-kubecd/environment-jrdev4-staging with ref 9408b60027cd73f7ff74967a80686e4035606ca6
WARNING: Failed to query the Pull Request last commit status for https://github.com/cb-kubecd/environment-jrdev4-staging/pull/1 ref 9408b60027cd73f7ff74967a80686e4035606ca6 Could not find a status for repository cb-kubecd/environment-jrdev4-staging with ref 9408b60027cd73f7ff74967a80686e4035606ca6
got git provider status pending from PR https://github.com/cb-kubecd/environment-jrdev4-staging/pull/1
got git provider status pending from PR https://github.com/cb-kubecd/environment-jrdev4-staging/pull/1
got git provider status pending from PR https://github.com/cb-kubecd/environment-jrdev4-staging/pull/1
got git provider status pending from PR https://github.com/cb-kubecd/environment-jrdev4-staging/pull/1
Pull Request https://github.com/cb-kubecd/environment-jrdev4-staging/pull/1 is merged at sha e2407915a4f4972d9b910e87c70c1780db1c8809
Pull Request merged but we are not waiting for the update pipeline to complete!
WARNING: Could not find the service URL in namespace **-staging for names jrdev4, **-jrdev4, **-staging-jrdev4
